2021-03-18 10:03:100 searching paths: open C:\ProgramData\Anaconda3\Library\usr\bin: 系统找不到指定的路径。
2021-03-20 09:13:90 searching paths: open C:\ProgramData\Anaconda3\Library\usr\bin: 系统找不到指定的路径。
2021-03-20 09:15:90 remove C:\Users\Administrator\go\bin\goful.exe: 拒绝访问。
2021-03-20 09:18:90 mkdir C:\Users\Administrator\go\src\github.com\linuxing3\~\go\src\github.com\anmitsu: 系统找不到指定的路径。
2021-03-20 09:19:90 mkdir C:\Users\Administrator\go\src\github.com\linuxing3\~\go\src\github.com\anmitsu: 系统找不到指定的路径。
2021-03-20 09:58:90 remove C:\Users\Administrator\go\src\github.com\anmitsu\goful: 另一个程序正在使用此文件，进程无法访问。
2021-03-20 09:59:90 "C:\\Windows\\system32\\cmd.exe /c explorer go.mod ": 
2021-03-20 10:03:100 searching paths: open C:\ProgramData\Anaconda3\Library\usr\bin: 系统找不到指定的路径。
2021-03-20 10:22:100 "C:\\Windows\\system32\\cmd.exe /c explorer config ": 
2021-03-20 10:22:100 "C:\\Windows\\system32\\cmd.exe /c explorer HEAD ": 
2021-03-20 10:22:100 "C:\\Windows\\system32\\cmd.exe /c explorer index ": 
2021-03-20 10:22:100 "C:\\Windows\\system32\\cmd.exe /c explorer HEAD ": 
2021-03-20 10:23:100 "C:\\Windows\\system32\\cmd.exe /c explorer FETCH_HEAD ": 
2021-03-20 10:23:100 "C:\\Windows\\system32\\cmd.exe /c explorer master ": 
2021-03-20 10:23:100 "C:\\Windows\\system32\\cmd.exe /c explorer HEAD ": 
2021-03-20 10:23:100 "C:\\Windows\\system32\\cmd.exe /c explorer config ": 
2021-03-20 10:24:100 "C:\\Windows\\system32\\cmd.exe /c explorer description ": 
2021-03-20 10:24:100 "C:\\Windows\\system32\\cmd.exe /c explorer index ": 
2021-03-20 10:26:100 "C:\\Windows\\system32\\cmd.exe /c explorer adm.ini ": 
2021-03-20 10:36:100 "C:\\Windows\\system32\\cmd.exe /c explorer env_setup_go.ps1 ": 
2021-03-20 10:38:100 "C:\\Windows\\system32\\cmd.exe /c explorer adm.ini ": 
2021-03-20 10:38:100 "C:\\Windows\\system32\\cmd.exe /c explorer docker-compose.yml ": 
2021-03-20 10:38:100 "C:\\Windows\\system32\\cmd.exe /c explorer go.mod ": 
2021-03-20 10:39:100 searching paths: open C:\ProgramData\Anaconda3\Library\usr\bin: 系统找不到指定的路径。
2021-03-20 10:39:100 searching paths: open C:\ProgramData\Anaconda3\Library\usr\bin: 系统找不到指定的路径。
2021-03-20 10:39:100 searching paths: open C:\ProgramData\Anaconda3\Library\usr\bin: 系统找不到指定的路径。
2021-03-20 10:39:100 searching paths: open C:\ProgramData\Anaconda3\Library\usr\bin: 系统找不到指定的路径。
2021-03-20 10:41:100 searching paths: open C:\ProgramData\Anaconda3\Library\usr\bin: 系统找不到指定的路径。
2021-03-20 10:41:100 searching paths: open C:\ProgramData\Anaconda3\Library\usr\bin: 系统找不到指定的路径。
2021-03-20 10:41:100 searching paths: open C:\ProgramData\Anaconda3\Library\usr\bin: 系统找不到指定的路径。
2021-03-20 10:41:100 searching paths: open C:\ProgramData\Anaconda3\Library\usr\bin: 系统找不到指定的路径。
2021-03-20 10:42:100 searching paths: open C:\ProgramData\Anaconda3\Library\usr\bin: 系统找不到指定的路径。
2021-03-20 10:42:100 "C:\\Windows\\system32\\cmd.exe /c explorer README.md ": 
2021-03-20 10:43:100 "C:\\Windows\\system32\\cmd.exe /c explorer .gitignore ": 
2021-03-20 10:43:100 searching paths: open C:\ProgramData\Anaconda3\Library\usr\bin: 系统找不到指定的路径。
2021-03-20 10:43:100 searching paths: open C:\ProgramData\Anaconda3\Library\usr\bin: 系统找不到指定的路径。
2021-03-20 10:59:100 "C:\\Windows\\system32\\cmd.exe /c explorer README.md ": 
2021-03-20 11:03:110 searching paths: open C:\ProgramData\Anaconda3\Library\usr\bin: 系统找不到指定的路径。
2021-03-20 11:04:110 "C:\\Windows\\system32\\cmd.exe /c explorer adm.ini ": 
2021-03-20 11:05:110 "C:\\Windows\\system32\\cmd.exe /c explorer LICENSE ": 
2021-03-20 11:05:110 searching paths: open C:\ProgramData\Anaconda3\Library\usr\bin: 系统找不到指定的路径。
2021-03-20 12:36:120 "C:\\Windows\\system32\\cmd.exe /c explorer .vpsman.yaml ": 
2021-03-20 12:38:120 "C:\\Windows\\system32\\cmd.exe /c explorer .vpsman.yaml ": 
2021-03-20 12:55:120 searching paths: open C:\ProgramData\Anaconda3\Library\usr\bin: 系统找不到指定的路径。
2021-03-20 16:15:40 searching paths: open C:\ProgramData\Anaconda3\Library\usr\bin: 系统找不到指定的路径。
2021-03-20 16:16:40 searching paths: open C:\ProgramData\Anaconda3\Library\usr\bin: 系统找不到指定的路径。
2021-03-20 16:16:40 searching paths: open C:\ProgramData\Anaconda3\Library\usr\bin: 系统找不到指定的路径。
2021-03-20 16:18:40 searching paths: open C:\ProgramData\Anaconda3\Library\usr\bin: 系统找不到指定的路径。
2021-03-20 16:25:40 searching paths: open C:\ProgramData\Anaconda3\Library\usr\bin: 系统找不到指定的路径。
2021-03-20 16:25:40 searching paths: open C:\ProgramData\Anaconda3\Library\usr\bin: 系统找不到指定的路径。
2021-03-20 16:33:40 searching paths: open C:\ProgramData\Anaconda3\Library\usr\bin: 系统找不到指定的路径。
2021-03-20 16:48:40 searching paths: open C:\ProgramData\Anaconda3\Library\usr\bin: 系统找不到指定的路径。
2021-03-20 17:18:50 searching paths: open C:\ProgramData\Anaconda3\Library\usr\bin: 系统找不到指定的路径。
2021-03-20 17:18:50 searching paths: open C:\ProgramData\Anaconda3\Library\usr\bin: 系统找不到指定的路径。
2021-03-20 17:26:50 "C:\\Windows\\system32\\cmd.exe /c explorer config.yaml ": 
2021-03-20 17:31:50 "C:\\Windows\\system32\\cmd.exe /c explorer config.yaml ": 
2021-03-20 17:36:50 "C:\\Windows\\system32\\cmd.exe /c explorer config.yaml ": 
2021-03-20 17:36:50 "C:\\Windows\\system32\\cmd.exe /c explorer config.yaml ": 
2021-03-20 17:42:50 searching paths: open C:\ProgramData\Anaconda3\Library\usr\bin: 系统找不到指定的路径。
2021-03-20 17:44:50 chdir C:\Users\Administrator\Dropbox: 系统找不到指定的文件。
2021-03-20 19:09:70 searching paths: open C:\ProgramData\Anaconda3\Library\usr\bin: 系统找不到指定的路径。
2021-03-20 21:30:90 searching paths: open C:\ProgramData\Anaconda3\Library\usr\bin: 系统找不到指定的路径。
2021-03-20 21:30:90 searching paths: open C:\ProgramData\Anaconda3\Library\usr\bin: 系统找不到指定的路径。
2021-03-20 21:32:90 searching paths: open C:\ProgramData\Anaconda3\Library\usr\bin: 系统找不到指定的路径。
2021-03-20 21:32:90 searching paths: open C:\ProgramData\Anaconda3\Library\usr\bin: 系统找不到指定的路径。
2021-03-20 21:33:90 searching paths: open C:\ProgramData\Anaconda3\Library\usr\bin: 系统找不到指定的路径。
2021-03-20 21:33:90 searching paths: open C:\ProgramData\Anaconda3\Library\usr\bin: 系统找不到指定的路径。
2021-03-21 08:55:80 searching paths: open C:\ProgramData\Anaconda3\Library\usr\bin: 系统找不到指定的路径。
2021-03-21 08:55:80 searching paths: open C:\ProgramData\Anaconda3\Library\usr\bin: 系统找不到指定的路径。
2021-03-21 16:24:40 searching paths: open C:\ProgramData\Anaconda3\Library\usr\bin: 系统找不到指定的路径。
2021-03-21 16:25:40 searching paths: open C:\ProgramData\Anaconda3\Library\usr\bin: 系统找不到指定的路径。
2021-03-21 16:25:40 searching paths: open C:\ProgramData\Anaconda3\Library\usr\bin: 系统找不到指定的路径。
2021-03-21 18:22:60 searching paths: open C:\ProgramData\Anaconda3\Library\usr\bin: 系统找不到指定的路径。
2021-03-21 18:22:60 searching paths: open C:\ProgramData\Anaconda3\Library\usr\bin: 系统找不到指定的路径。
2021-03-21 18:52:60 searching paths: open C:\ProgramData\Anaconda3\Library\usr\bin: 系统找不到指定的路径。
2021-03-21 18:52:60 searching paths: open C:\ProgramData\Anaconda3\Library\usr\bin: 系统找不到指定的路径。
2021-03-21 18:53:60 searching paths: open C:\ProgramData\Anaconda3\Library\usr\bin: 系统找不到指定的路径。
2021-03-21 19:28:70 searching paths: open C:\ProgramData\Anaconda3\Library\usr\bin: 系统找不到指定的路径。
2021-03-21 19:29:70 searching paths: open C:\ProgramData\Anaconda3\Library\usr\bin: 系统找不到指定的路径。
2021-03-21 19:30:70 searching paths: open C:\ProgramData\Anaconda3\Library\usr\bin: 系统找不到指定的路径。
2021-03-21 19:37:70 searching paths: open C:\ProgramData\Anaconda3\Library\usr\bin: 系统找不到指定的路径。
2021-03-21 19:40:70 searching paths: open C:\ProgramData\Anaconda3\Library\usr\bin: 系统找不到指定的路径。
2021-03-21 19:42:70 searching paths: open C:\ProgramData\Anaconda3\Library\usr\bin: 系统找不到指定的路径。
2021-03-21 19:42:70 searching paths: open C:\ProgramData\Anaconda3\Library\usr\bin: 系统找不到指定的路径。
2021-03-21 19:43:70 searching paths: open C:\ProgramData\Anaconda3\Library\usr\bin: 系统找不到指定的路径。
2021-03-21 19:43:70 searching paths: open C:\ProgramData\Anaconda3\Library\usr\bin: 系统找不到指定的路径。
2021-03-21 19:43:70 searching paths: open C:\ProgramData\Anaconda3\Library\usr\bin: 系统找不到指定的路径。
2021-03-21 19:43:70 searching paths: open C:\ProgramData\Anaconda3\Library\usr\bin: 系统找不到指定的路径。
2021-03-21 19:44:70 searching paths: open C:\ProgramData\Anaconda3\Library\usr\bin: 系统找不到指定的路径。
2021-03-21 19:44:70 searching paths: open C:\ProgramData\Anaconda3\Library\usr\bin: 系统找不到指定的路径。
2021-03-21 19:44:70 searching paths: open C:\ProgramData\Anaconda3\Library\usr\bin: 系统找不到指定的路径。
2021-03-21 19:44:70 searching paths: open C:\ProgramData\Anaconda3\Library\usr\bin: 系统找不到指定的路径。
2021-03-21 19:44:70 searching paths: open C:\ProgramData\Anaconda3\Library\usr\bin: 系统找不到指定的路径。
2021-03-21 19:45:70 searching paths: open C:\ProgramData\Anaconda3\Library\usr\bin: 系统找不到指定的路径。
2021-03-21 19:45:70 searching paths: open C:\ProgramData\Anaconda3\Library\usr\bin: 系统找不到指定的路径。
2021-03-21 19:45:70 searching paths: open C:\ProgramData\Anaconda3\Library\usr\bin: 系统找不到指定的路径。
2021-03-21 19:50:70 searching paths: open C:\ProgramData\Anaconda3\Library\usr\bin: 系统找不到指定的路径。
2021-03-21 19:50:70 searching paths: open C:\ProgramData\Anaconda3\Library\usr\bin: 系统找不到指定的路径。
2021-03-21 19:50:70 searching paths: open C:\ProgramData\Anaconda3\Library\usr\bin: 系统找不到指定的路径。
2021-03-21 21:44:90 searching paths: open C:\ProgramData\Anaconda3\Library\usr\bin: 系统找不到指定的路径。
2021-03-22 18:44:60 "C:\\Windows\\system32\\cmd.exe /c explorer settings.json ": 
2021-03-22 18:44:60 searching paths: open C:\ProgramData\Anaconda3\Library\usr\bin: 系统找不到指定的路径。
2021-03-22 18:47:60 searching paths: open C:\ProgramData\Anaconda3\Library\usr\bin: 系统找不到指定的路径。
2021-03-22 18:47:60 searching paths: open C:\ProgramData\Anaconda3\Library\usr\bin: 系统找不到指定的路径。
2021-03-22 18:48:60 searching paths: open C:\ProgramData\Anaconda3\Library\usr\bin: 系统找不到指定的路径。
2021-03-22 18:48:60 searching paths: open C:\ProgramData\Anaconda3\Library\usr\bin: 系统找不到指定的路径。
2021-03-22 18:49:60 searching paths: open C:\ProgramData\Anaconda3\Library\usr\bin: 系统找不到指定的路径。
2021-03-22 18:49:60 searching paths: open C:\ProgramData\Anaconda3\Library\usr\bin: 系统找不到指定的路径。
2021-03-22 18:50:60 searching paths: open C:\ProgramData\Anaconda3\Library\usr\bin: 系统找不到指定的路径。
2021-03-22 18:55:60 searching paths: open C:\ProgramData\Anaconda3\Library\usr\bin: 系统找不到指定的路径。
2021-03-22 18:57:60 searching paths: open C:\ProgramData\Anaconda3\Library\usr\bin: 系统找不到指定的路径。
2021-03-22 18:57:60 searching paths: open C:\ProgramData\Anaconda3\Library\usr\bin: 系统找不到指定的路径。
2021-03-22 18:58:60 searching paths: open C:\ProgramData\Anaconda3\Library\usr\bin: 系统找不到指定的路径。
2021-03-22 18:59:60 searching paths: open C:\ProgramData\Anaconda3\Library\usr\bin: 系统找不到指定的路径。
2021-03-22 19:00:70 searching paths: open C:\ProgramData\Anaconda3\Library\usr\bin: 系统找不到指定的路径。
2021-03-22 19:00:70 searching paths: open C:\ProgramData\Anaconda3\Library\usr\bin: 系统找不到指定的路径。
2021-03-22 19:09:70 searching paths: open C:\ProgramData\Anaconda3\Library\usr\bin: 系统找不到指定的路径。
2021-03-22 19:11:70 searching paths: open C:\ProgramData\Anaconda3\Library\usr\bin: 系统找不到指定的路径。
2021-03-22 19:12:70 searching paths: open C:\ProgramData\Anaconda3\Library\usr\bin: 系统找不到指定的路径。
2021-03-22 19:12:70 "C:\\Windows\\system32\\cmd.exe /c explorer config.yaml ": 
2021-03-22 19:13:70 searching paths: open C:\ProgramData\Anaconda3\Library\usr\bin: 系统找不到指定的路径。
2021-03-22 19:14:70 searching paths: open C:\ProgramData\Anaconda3\Library\usr\bin: 系统找不到指定的路径。
2021-03-22 19:29:70 searching paths: open C:\ProgramData\Anaconda3\Library\usr\bin: 系统找不到指定的路径。
2021-03-22 19:29:70 searching paths: open C:\ProgramData\Anaconda3\Library\usr\bin: 系统找不到指定的路径。
2021-03-22 19:29:70 searching paths: open C:\ProgramData\Anaconda3\Library\usr\bin: 系统找不到指定的路径。
2021-03-22 19:33:70 searching paths: open C:\ProgramData\Anaconda3\Library\usr\bin: 系统找不到指定的路径。
2021-03-22 19:33:70 searching paths: open C:\ProgramData\Anaconda3\Library\usr\bin: 系统找不到指定的路径。
2021-03-22 19:33:70 searching paths: open C:\ProgramData\Anaconda3\Library\usr\bin: 系统找不到指定的路径。
2021-03-22 19:34:70 searching paths: open C:\ProgramData\Anaconda3\Library\usr\bin: 系统找不到指定的路径。
2021-03-22 19:34:70 searching paths: open C:\ProgramData\Anaconda3\Library\usr\bin: 系统找不到指定的路径。
2021-03-22 19:43:70 searching paths: open C:\ProgramData\Anaconda3\Library\usr\bin: 系统找不到指定的路径。
2021-03-22 19:44:70 searching paths: open C:\ProgramData\Anaconda3\Library\usr\bin: 系统找不到指定的路径。
2021-03-22 19:44:70 searching paths: open C:\ProgramData\Anaconda3\Library\usr\bin: 系统找不到指定的路径。
2021-03-22 19:45:70 searching paths: open C:\ProgramData\Anaconda3\Library\usr\bin: 系统找不到指定的路径。
2021-03-22 19:45:70 searching paths: open C:\ProgramData\Anaconda3\Library\usr\bin: 系统找不到指定的路径。
2021-03-22 19:45:70 searching paths: open C:\ProgramData\Anaconda3\Library\usr\bin: 系统找不到指定的路径。
2021-03-22 19:46:70 searching paths: open C:\ProgramData\Anaconda3\Library\usr\bin: 系统找不到指定的路径。
2021-03-22 19:46:70 searching paths: open C:\ProgramData\Anaconda3\Library\usr\bin: 系统找不到指定的路径。
2021-03-22 19:46:70 searching paths: open C:\ProgramData\Anaconda3\Library\usr\bin: 系统找不到指定的路径。
2021-03-22 19:48:70 searching paths: open C:\ProgramData\Anaconda3\Library\usr\bin: 系统找不到指定的路径。
2021-03-22 19:48:70 searching paths: open C:\ProgramData\Anaconda3\Library\usr\bin: 系统找不到指定的路径。
2021-03-22 19:48:70 searching paths: open C:\ProgramData\Anaconda3\Library\usr\bin: 系统找不到指定的路径。
2021-03-22 19:48:70 searching paths: open C:\ProgramData\Anaconda3\Library\usr\bin: 系统找不到指定的路径。
2021-03-22 19:48:70 searching paths: open C:\ProgramData\Anaconda3\Library\usr\bin: 系统找不到指定的路径。
2021-03-22 20:15:80 "C:\\Windows\\system32\\cmd.exe /c explorer README.md ": 
2021-03-22 20:17:80 searching paths: open C:\ProgramData\Anaconda3\Library\usr\bin: 系统找不到指定的路径。
2021-03-22 20:17:80 searching paths: open C:\ProgramData\Anaconda3\Library\usr\bin: 系统找不到指定的路径。
2021-03-22 20:17:80 searching paths: open C:\ProgramData\Anaconda3\Library\usr\bin: 系统找不到指定的路径。
2021-03-22 20:17:80 searching paths: open C:\ProgramData\Anaconda3\Library\usr\bin: 系统找不到指定的路径。
2021-03-22 20:25:80 searching paths: open C:\ProgramData\Anaconda3\Library\usr\bin: 系统找不到指定的路径。
2021-03-22 20:25:80 searching paths: open C:\ProgramData\Anaconda3\Library\usr\bin: 系统找不到指定的路径。
2021-03-22 20:25:80 searching paths: open C:\ProgramData\Anaconda3\Library\usr\bin: 系统找不到指定的路径。
2021-03-22 20:25:80 searching paths: open C:\ProgramData\Anaconda3\Library\usr\bin: 系统找不到指定的路径。
2021-03-22 20:25:80 searching paths: open C:\ProgramData\Anaconda3\Library\usr\bin: 系统找不到指定的路径。
2021-03-22 20:25:80 searching paths: open C:\ProgramData\Anaconda3\Library\usr\bin: 系统找不到指定的路径。
2021-03-22 20:25:80 searching paths: open C:\ProgramData\Anaconda3\Library\usr\bin: 系统找不到指定的路径。
2021-03-22 20:30:80 searching paths: open C:\ProgramData\Anaconda3\Library\usr\bin: 系统找不到指定的路径。
2021-03-22 20:42:80 searching paths: open C:\ProgramData\Anaconda3\Library\usr\bin: 系统找不到指定的路径。
2021-03-22 20:42:80 searching paths: open C:\ProgramData\Anaconda3\Library\usr\bin: 系统找不到指定的路径。
2021-03-22 20:42:80 searching paths: open C:\ProgramData\Anaconda3\Library\usr\bin: 系统找不到指定的路径。
2021-03-22 21:08:90 searching paths: open C:\ProgramData\Anaconda3\Library\usr\bin: 系统找不到指定的路径。
2021-03-22 21:12:90 searching paths: open C:\ProgramData\Anaconda3\Library\usr\bin: 系统找不到指定的路径。
2021-03-22 21:15:90 "C:\\Windows\\system32\\cmd.exe /c explorer repo.json ": 
2021-03-22 21:19:90 Cannot copy/move directory C:\Users\Administrator\.config\micro\plug\go into itself C:\Users\Administrator\.config\micro\plug\go
2021-03-22 22:00:100 searching paths: open C:\ProgramData\Anaconda3\Library\usr\bin: 系统找不到指定的路径。
2021-03-22 22:07:100 Not found menu `web'
2021-03-22 22:07:100 Not found menu `web'
2021-03-22 22:07:100 Not found menu `web'
2021-03-22 22:07:100 Not found menu `web'
2021-03-22 22:08:100 Not found menu `web'
2021-03-22 22:08:100 Not found menu `web'
2021-03-22 22:08:100 Not found menu `web'
2021-03-22 22:08:100 Not found menu `web'
2021-03-22 22:10:100 searching paths: open C:\ProgramData\Anaconda3\Library\usr\bin: 系统找不到指定的路径。
2021-03-22 22:12:100 searching paths: open C:\ProgramData\Anaconda3\Library\usr\bin: 系统找不到指定的路径。
2021-03-22 22:13:100 "C:\\Windows\\system32\\cmd.exe /c explorer config.yaml ": 
2021-03-22 22:21:100 searching paths: open C:\ProgramData\Anaconda3\Library\usr\bin: 系统找不到指定的路径。
2021-03-22 22:30:100 searching paths: open C:\ProgramData\Anaconda3\Library\usr\bin: 系统找不到指定的路径。
2021-03-22 22:30:100 "C:\\Windows\\system32\\cmd.exe /c explorer .emacs-profiles.el ": 
2021-03-22 22:30:100 searching paths: open C:\ProgramData\Anaconda3\Library\usr\bin: 系统找不到指定的路径。
2021-03-22 22:34:100 searching paths: open C:\ProgramData\Anaconda3\Library\usr\bin: 系统找不到指定的路径。
2021-03-22 22:36:100 searching paths: open C:\ProgramData\Anaconda3\Library\usr\bin: 系统找不到指定的路径。
2021-03-22 22:36:100 searching paths: open C:\ProgramData\Anaconda3\Library\usr\bin: 系统找不到指定的路径。
2021-03-22 22:37:100 searching paths: open C:\ProgramData\Anaconda3\Library\usr\bin: 系统找不到指定的路径。
2021-03-22 22:40:100 "C:\\Windows\\system32\\cmd.exe /c emacsclient -n \"install-profile.cmd\" ": 
2021-03-22 22:41:100 searching paths: open C:\ProgramData\Anaconda3\Library\usr\bin: 系统找不到指定的路径。
2021-03-22 22:45:100 searching paths: open C:\ProgramData\Anaconda3\Library\usr\bin: 系统找不到指定的路径。
2021-03-22 22:46:100 searching paths: open C:\ProgramData\Anaconda3\Library\usr\bin: 系统找不到指定的路径。
2021-03-23 00:02:120 searching paths: open C:\ProgramData\Anaconda3\Library\usr\bin: 系统找不到指定的路径。
2021-03-23 00:02:120 searching paths: open C:\ProgramData\Anaconda3\Library\usr\bin: 系统找不到指定的路径。
2021-03-23 00:04:120 "C:\\Windows\\system32\\cmd.exe /c explorer Cargo.toml ": 
2021-03-23 00:15:120 searching paths: open C:\ProgramData\Anaconda3\Library\usr\bin: 系统找不到指定的路径。
2021-03-23 00:20:120 searching paths: open C:\ProgramData\Anaconda3\Library\usr\bin: 系统找不到指定的路径。
2021-03-23 00:21:120 "C:\\Windows\\system32\\cmd.exe /c emacsclient -n \"command-line.md\" ": 
2021-03-23 00:36:120 searching paths: open C:\ProgramData\Anaconda3\Library\usr\bin: 系统找不到指定的路径。
2021-03-23 00:36:120 searching paths: open C:\ProgramData\Anaconda3\Library\usr\bin: 系统找不到指定的路径。
2021-03-23 00:42:120 searching paths: open C:\ProgramData\Anaconda3\Library\usr\bin: 系统找不到指定的路径。
2021-03-23 00:56:120 searching paths: open C:\ProgramData\Anaconda3\Library\usr\bin: 系统找不到指定的路径。
2021-03-23 00:56:120 searching paths: open C:\ProgramData\Anaconda3\Library\usr\bin: 系统找不到指定的路径。
2021-03-23 00:56:120 searching paths: open C:\ProgramData\Anaconda3\Library\usr\bin: 系统找不到指定的路径。
2021-03-23 00:57:120 searching paths: open C:\ProgramData\Anaconda3\Library\usr\bin: 系统找不到指定的路径。
2021-03-23 00:57:120 searching paths: open C:\ProgramData\Anaconda3\Library\usr\bin: 系统找不到指定的路径。
2021-03-23 01:00:10 searching paths: open C:\ProgramData\Anaconda3\Library\usr\bin: 系统找不到指定的路径。
2021-03-23 01:01:10 "C:\\Windows\\system32\\cmd.exe /c explorer cp.doc ": 
2021-03-23 01:03:10 "C:\\Windows\\system32\\cmd.exe /c explorer 《汇编语言 第3版》王爽著.pdf ": 
2021-03-23 01:09:10 "C:\\Windows\\system32\\cmd.exe /c explorer go.lua ": 
2021-03-23 01:09:10 searching paths: open C:\ProgramData\Anaconda3\Library\usr\bin: 系统找不到指定的路径。
2021-03-23 01:10:10 searching paths: open C:\ProgramData\Anaconda3\Library\usr\bin: 系统找不到指定的路径。
2021-03-23 01:10:10 "C:\\Windows\\system32\\cmd.exe /c explorer filemanager.lua ": 
2021-03-23 01:12:10 searching paths: open C:\ProgramData\Anaconda3\Library\usr\bin: 系统找不到指定的路径。
2021-03-23 01:12:10 searching paths: open C:\ProgramData\Anaconda3\Library\usr\bin: 系统找不到指定的路径。
2021-03-23 01:18:10 searching paths: open C:\ProgramData\Anaconda3\Library\usr\bin: 系统找不到指定的路径。
2021-03-23 01:20:10 searching paths: open C:\ProgramData\Anaconda3\Library\usr\bin: 系统找不到指定的路径。
2021-03-23 01:20:10 searching paths: open C:\ProgramData\Anaconda3\Library\usr\bin: 系统找不到指定的路径。
2021-03-23 01:20:10 searching paths: open C:\ProgramData\Anaconda3\Library\usr\bin: 系统找不到指定的路径。
2021-03-23 08:41:80 searching paths: open C:\ProgramData\Anaconda3\Library\usr\bin: 系统找不到指定的路径。
2021-03-23 09:39:90 "C:\\Windows\\system32\\cmd.exe /c explorer schema.prisma ": 
2021-03-23 09:50:90 searching paths: open C:\ProgramData\Anaconda3\Library\usr\bin: 系统找不到指定的路径。
2021-03-23 11:03:110 Input must be like `regexp/replaced'
