2021-03-18 10:03:100 Welcome to goful
2021-03-18 10:03:100 cmd /c start cmd /c q& pause
2021-03-20 08:56:80 Welcome to goful
2021-03-20 08:56:80 Welcome to goful
2021-03-20 08:57:80 Removed [kjk-notion-blog]
2021-03-20 08:57:80 Removed [go-prisma]
2021-03-20 08:57:80 Removed [douban-movie]
2021-03-20 08:59:80 Copied to C:\Users\Administrator\go\src\github.com\linuxing3 form [C:\Users\Administrator\go\pkg\mod\github.com\anmitsu\goful@v0.0.0-20210227233931-c8b257c205db]
2021-03-20 09:00:90 Renamed goful@v0.0.0-20210227233931-c8b257c205db -> goful
2021-03-20 09:00:90 Made directory my
2021-03-20 09:00:90 Copied to C:\Users\Administrator\go\src\github.com\linuxing3\goful\my form [C:\Users\Administrator\go\pkg\mod\github.com\anmitsu\goful@v0.0.0-20210227233931-c8b257c205db\main.go]
2021-03-20 09:00:90 cmd /c code "main.go" 
2021-03-20 09:01:90 cmd /c code "main.go" 
2021-03-20 09:01:90 cmd /c start cmd /c vim "main.go"& pause
2021-03-20 09:02:90 cmd /c code "main.go" 
2021-03-20 09:13:90 Welcome to goful
2021-03-20 09:13:90 cmd /c start cmd /c q& pause
2021-03-20 09:14:90 Welcome to goful
2021-03-20 09:16:90 Welcome to goful
2021-03-20 09:18:90 Made directory anmitsu
2021-03-20 09:19:90 Copied to C:\Users\Administrator\go\src\github.com\anmitsu form [C:\Users\Administrator\go\src\github.com\linuxing3\goful]
2021-03-20 09:20:90 Welcome to goful
2021-03-20 09:32:90 Welcome to goful
2021-03-20 09:33:90 cmd /c start cmd /c more main.go& pause
2021-03-20 09:33:90 cmd /c start cmd /c more main.go& pause
2021-03-20 09:58:90 Removed [goful]
2021-03-20 09:59:90 Removed [C:\Users\Administrator\go\src\github.com\linuxing3\goful\.github C:\Users\Administrator\go\src\github.com\linuxing3\goful\app C:\Users\Administrator\go\src\github.com\linuxing3\goful\cmdline C:\Users\Administrator\go\src\github.com\linuxing3\goful\filer C:\Users\Administrator\go\src\github.com\linuxing3\goful\info C:\Users\Administrator\go\src\github.com\linuxing3\goful\look C:\Users\Administrator\go\src\github.com\linuxing3\goful\menu C:\Users\Administrator\go\src\github.com\linuxing3\goful\message C:\Users\Administrator\go\src\github.com\linuxing3\goful\my C:\Users\Administrator\go\src\github.com\linuxing3\goful\progress C:\Users\Administrator\go\src\github.com\linuxing3\goful\util C:\Users\Administrator\go\src\github.com\linuxing3\goful\widget C:\Users\Administrator\go\src\github.com\linuxing3\goful\go.sum C:\Users\Administrator\go\src\github.com\linuxing3\goful\main.exe]
2021-03-20 09:59:90 cmd /c explorer go.mod 
2021-03-20 10:00:100 cmd /c code "go.mod" 
2021-03-20 10:03:100 cmd /c start cmd /c & pause
2021-03-20 10:03:100 Welcome to goful
2021-03-20 10:05:100 Welcome to goful
2021-03-20 10:22:100 cmd /c explorer config 
2021-03-20 10:22:100 cmd /c explorer HEAD 
2021-03-20 10:22:100 cmd /c explorer index 
2021-03-20 10:22:100 cmd /c explorer HEAD 
2021-03-20 10:23:100 cmd /c explorer FETCH_HEAD 
2021-03-20 10:23:100 cmd /c explorer master 
2021-03-20 10:23:100 Renamed master -> main
2021-03-20 10:23:100 cmd /c explorer HEAD 
2021-03-20 10:23:100 cmd /c explorer config 
2021-03-20 10:24:100 cmd /c explorer description 
2021-03-20 10:24:100 cmd /c explorer index 
2021-03-20 10:26:100 cmd /c explorer adm.ini 
2021-03-20 10:27:100 Welcome to goful
2021-03-20 10:36:100 cmd /c explorer env_setup_go.ps1 
2021-03-20 10:38:100 Welcome to goful
2021-03-20 10:38:100 cmd /c explorer adm.ini 
2021-03-20 10:38:100 cmd /c explorer docker-compose.yml 
2021-03-20 10:38:100 cmd /c explorer go.mod 
2021-03-20 10:39:100 cmd /c start cmd /c notepad %!g(MISSING)& pause
2021-03-20 10:39:100 cmd /c start cmd /c notepad "go.mod"& pause
2021-03-20 10:40:100 cmd /c start cmd /c notepad &f& pause
2021-03-20 10:40:100 cmd /c start cmd /c more main.go& pause
2021-03-20 10:41:100 cmd /c start cmd /c notepad main.go& pause
2021-03-20 10:41:100 cmd /c start cmd /c notepad2 main.go& pause
2021-03-20 10:41:100 cmd /c start cmd /c nvim main.go& pause
2021-03-20 10:42:100 cmd /c start cmd /c notepad2 main.go& pause
2021-03-20 10:42:100 cmd /c explorer README.md 
2021-03-20 10:43:100 cmd /c explorer .gitignore 
2021-03-20 10:43:100 cmd /c start cmd /c code main.go& pause
2021-03-20 10:43:100 cmd /c start cmd /c code main.go& pause
2021-03-20 10:56:100 Welcome to goful
2021-03-20 10:59:100 cmd /c explorer README.md 
2021-03-20 11:03:110 cmd /c start cmd /c notepad2 main.go& pause
2021-03-20 11:04:110 cmd /c explorer adm.ini 
2021-03-20 11:05:110 cmd /c explorer LICENSE 
2021-03-20 11:05:110 cmd /c start cmd /c notepad2 go.mod& pause
2021-03-20 12:35:120 cmd /c explorer .vpsman.yaml 
2021-03-20 12:36:120 Welcome to goful
2021-03-20 12:38:120 cmd /c explorer .vpsman.yaml 
2021-03-20 12:48:120 Welcome to goful
2021-03-20 12:49:120 Welcome to goful
2021-03-20 12:50:120 Welcome to goful
2021-03-20 12:52:120 Welcome to goful
2021-03-20 12:55:120 Welcome to goful
2021-03-20 12:59:120 Welcome to goful
2021-03-20 13:08:10 Welcome to goful
2021-03-20 13:11:10 Welcome to goful
2021-03-20 13:16:10 Welcome to goful
2021-03-20 13:19:10 Welcome to goful
2021-03-20 13:23:10 Welcome to goful
2021-03-20 13:44:10 Welcome to goful
2021-03-20 15:44:30 Welcome to goful
2021-03-20 16:10:40 Welcome to goful
2021-03-20 16:15:40 Welcome to goful
2021-03-20 16:15:40 cmd /c start cmd /c notpad2 install.sh& pause
2021-03-20 16:16:40 Welcome to goful
2021-03-20 16:16:40 cmd /c start cmd /c notepad2 install.sh& pause
2021-03-20 16:18:40 Welcome to goful
2021-03-20 16:18:40 cmd /c start cmd /c nvim-qt install.sh& pause
2021-03-20 16:21:40 Welcome to goful
2021-03-20 16:24:40 Welcome to goful
2021-03-20 16:25:40 cmd /c start cmd /c notepad2 install.sh& pause
2021-03-20 16:33:40 Welcome to goful
2021-03-20 16:33:40 cmd /c start cmd /c notepad2 install.sh& pause
2021-03-20 16:48:40 Welcome to goful
2021-03-20 16:48:40 cmd /c start cmd /c ~/go/src/github.com& pause
2021-03-20 16:50:40 Copied to C:\Users\Administrator\.goful form [C:\Users\Administrator\go\src\github.com\linuxing3\goful\config.yaml]
2021-03-20 17:00:50 Welcome to goful
2021-03-20 17:02:50 Welcome to goful
2021-03-20 17:02:50 Welcome to goful
2021-03-20 17:17:50 Welcome to goful
2021-03-20 17:18:50 cmd /c start cmd /c notepad2 config.yaml& pause
2021-03-20 17:20:50 Welcome to goful
2021-03-20 17:25:50 Welcome to goful
2021-03-20 17:26:50 Welcome to goful
2021-03-20 17:26:50 cmd /c explorer config.yaml 
2021-03-20 17:28:50 Welcome to goful
2021-03-20 17:30:50 Welcome to goful
2021-03-20 17:30:50 Removed [config.yaml]
2021-03-20 17:31:50 Welcome to goful
2021-03-20 17:31:50 cmd /c explorer config.yaml 
2021-03-20 17:31:50 Welcome to goful
2021-03-20 17:36:50 Welcome to goful
2021-03-20 17:36:50 cmd /c explorer config.yaml 
2021-03-20 17:36:50 Removed [config.yaml]
2021-03-20 17:36:50 Welcome to goful
2021-03-20 17:36:50 cmd /c explorer config.yaml 
2021-03-20 17:36:50 Welcome to goful
2021-03-20 17:42:50 cmd /c start cmd /c ~/Dropbox& pause
2021-03-20 17:44:50 Welcome to goful
2021-03-20 18:06:60 Welcome to goful
2021-03-20 18:47:60 Welcome to goful
2021-03-20 19:08:70 Welcome to goful
2021-03-20 19:09:70 Welcome to goful
2021-03-20 19:09:70 cmd /c start cmd /c notepad2 desktop.ini& pause
2021-03-20 21:30:90 cmd /c start cmd /c nvim "create_table.ts"& pause
2021-03-20 21:30:90 cmd /c start cmd /c notepad2 create_table.ts& pause
2021-03-20 21:32:90 cmd /c start cmd /c notepad2 docker-compose.yml& pause
2021-03-20 21:33:90 cmd /c start cmd /c notepad2 README.md& pause
2021-03-21 08:53:80 Welcome to goful
2021-03-21 08:55:80 cmd /c start cmd /c robocopy /e init.sh C:\Users\Administrator\EnvSetup\bash\custom_win& pause
2021-03-21 08:55:80 cmd /c start cmd /c robocopy /e aliases.sh C:\Users\Administrator\EnvSetup\bash\custom_win& pause
2021-03-21 10:29:100 Welcome to goful
2021-03-21 10:35:100 Welcome to goful
2021-03-21 11:11:110 Welcome to goful
2021-03-21 11:54:110 Welcome to goful
2021-03-21 16:23:40 Welcome to goful
2021-03-21 16:24:40 cmd /c start cmd /c deno run -A -unstable modelGenerator.ts& pause
2021-03-21 16:25:40 cmd /c start cmd /c nvim "run"& pause
2021-03-21 16:25:40 cmd /c start cmd /c notepad2 run& pause
2021-03-21 18:21:60 Welcome to goful
2021-03-21 18:22:60 cmd /c start cmd /c notepad2 ui+font.el& pause
2021-03-21 18:52:60 cmd /c start cmd /c nvim "run.json"& pause
2021-03-21 18:52:60 cmd /c start cmd /c notepad2 run.json& pause
2021-03-21 18:53:60 cmd /c start cmd /c deno run -A --unstable ./denodb/sql/create_table_postgres.ts& pause
2021-03-21 19:29:70 cmd /c start cmd /c deno run -A --unstable ./create_table.ts& pause
2021-03-21 19:30:70 cmd /c start cmd /c deno run -A --unstable ./create_table.ts& pause
2021-03-21 19:37:70 cmd /c start cmd /c deno run -A --unstable ./create_table.ts& pause
2021-03-21 19:40:70 cmd /c start cmd /c deno run -A --unstable ./create_table.ts& pause
2021-03-21 19:42:70 cmd /c start cmd /c git add .& pause
2021-03-21 19:42:70 cmd /c start cmd /c git commit -m create& pause
2021-03-21 19:42:70 Removed [.log]
2021-03-21 19:42:70 cmd /c start cmd /c nvim ".gitignore"& pause
2021-03-21 19:43:70 cmd /c start cmd /c notepad2 .gitignore& pause
2021-03-21 19:43:70 cmd /c start cmd /c git add .& pause
2021-03-21 19:43:70 cmd /c start cmd /c git commit -m create& pause
2021-03-21 19:44:70 cmd /c start cmd /c git push& pause
2021-03-21 19:44:70 cmd /c start cmd /c git pull& pause
2021-03-21 19:44:70 cmd /c start cmd /c notepad2 create_table.ts& pause
2021-03-21 19:45:70 cmd /c start cmd /c git add .& pause
2021-03-21 19:45:70 cmd /c start cmd /c git commit -m create& pause
2021-03-21 19:45:70 cmd /c start cmd /c git push& pause
2021-03-21 19:50:70 cmd /c start cmd /c git add .& pause
2021-03-21 19:50:70 cmd /c start cmd /c git commit -m create& pause
2021-03-21 19:51:70 cmd /c start cmd /c git push& pause
2021-03-22 00:39:120 Welcome to goful
2021-03-22 17:59:50 Welcome to goful
2021-03-22 18:43:60 cmd /c explorer settings.json 
2021-03-22 18:44:60 cmd /c start cmd /c micro main.go& pause
2021-03-22 18:46:60 Renamed micro.exe -> micro32.exe
2021-03-22 18:46:60 Renamed goful.exe -> goful32.exe
2021-03-22 18:47:60 Welcome to goful
2021-03-22 18:47:60 cmd /c start cmd /c micro 1tunnel.cmd& pause
2021-03-22 18:48:60 cmd /c start cmd /c nvim "main.go"& pause
2021-03-22 18:48:60 cmd /c start cmd /c micro32 main.go& pause
2021-03-22 18:49:60 cmd /c start cmd /c go build& pause
2021-03-22 18:49:60 Welcome to goful
2021-03-22 18:50:60 cmd /c start cmd /c micro32 main.go& pause
2021-03-22 18:51:60 Welcome to goful
2021-03-22 18:52:60 Welcome to goful
2021-03-22 18:57:60 Welcome to goful
2021-03-22 18:57:60 cmd /c start cmd /c git add .& pause
2021-03-22 18:57:60 cmd /c start cmd /c git commit -m create& pause
2021-03-22 18:58:60 cmd /c start cmd /c git push& pause
2021-03-22 18:58:60 cmd /c start cmd /c micro "main.go"& pause
2021-03-22 18:58:60 cmd /c start cmd /c micro "main.go"& pause
2021-03-22 18:59:60 cmd /c start cmd /c micro main.go& pause
2021-03-22 18:59:60 Welcome to goful
2021-03-22 19:00:70 cmd /c start cmd /c micro32 main.go& pause
2021-03-22 19:00:70 cmd /c start cmd /c micro main.go& pause
2021-03-22 19:09:70 cmd /c start cmd /c go install& pause
2021-03-22 19:11:70 Welcome to goful
2021-03-22 19:11:70 cmd /c start cmd /c micro "menu.go"& pause
2021-03-22 19:11:70 cmd /c start cmd /c micro menu.go& pause
2021-03-22 19:12:70 cmd /c start cmd /c micro init.go& pause
2021-03-22 19:12:70 cmd /c explorer config.yaml 
2021-03-22 19:13:70 cmd /c start cmd /c micro main.go& pause
2021-03-22 19:14:70 cmd /c start cmd /c micro config.yaml& pause
2021-03-22 19:19:70 Welcome to goful
2021-03-22 19:19:70 cmd /c start cmd /c micro "config.yaml"& pause
2021-03-22 19:19:70 cmd /c start cmd /c micro config.yaml& pause
2021-03-22 19:21:70 Welcome to goful
2021-03-22 19:24:70 Welcome to goful
2021-03-22 19:25:70 cmd /c start cmd /c micro "init.go"& pause
2021-03-22 19:26:70 Welcome to goful
2021-03-22 19:26:70 cmd /c start cmd /c micro init.go& pause
2021-03-22 19:26:70 cmd /c start cmd /c micro config.yaml& pause
2021-03-22 19:29:70 Welcome to goful
2021-03-22 19:31:70 Welcome to goful
2021-03-22 19:33:70 Copied to C:\Users\Administrator\go\src\github.com\linuxing3\goful\config form [C:\Users\Administrator\.goful\config.yaml]
2021-03-22 19:33:70 cmd /c start cmd /c micro config.yaml& pause
2021-03-22 19:33:70 cmd /c start cmd /c git add .& pause
2021-03-22 19:33:70 cmd /c start cmd /c git commit -m create& pause
2021-03-22 19:33:70 cmd /c start cmd /c git push& pause
2021-03-22 19:34:70 Welcome to goful
2021-03-22 19:34:70 cmd /c start cmd /c cmd& pause
2021-03-22 19:34:70 cmd /c start cmd /c cmd& pause
2021-03-22 19:35:70 cmd /c start cmd /c micro main.go& pause
2021-03-22 19:39:70 cmd /c start cmd /c micro config.yaml& pause
2021-03-22 19:41:70 cmd /c start cmd /c micro main.go& pause
2021-03-22 19:42:70 cmd /c start cmd /c micro menu.go& pause
2021-03-22 19:43:70 Welcome to goful
2021-03-22 19:43:70 cmd /c start cmd /c cmd& pause
2021-03-22 19:44:70 Welcome to goful
2021-03-22 19:44:70 cmd /c start cmd /c git add .& pause
2021-03-22 19:44:70 cmd /c start cmd /c git commit -m quick& pause
2021-03-22 19:44:70 cmd /c start cmd /c micro config.yaml& pause
2021-03-22 19:44:70 Welcome to goful
2021-03-22 19:45:70 cmd /c start cmd /c git add . && git commit -m s && git push& pause
2021-03-22 19:45:70 cmd /c start cmd /c git push& pause
2021-03-22 19:45:70 cmd /c start cmd /c micro config.yaml& pause
2021-03-22 19:46:70 cmd /c start cmd /c git add . && git commit -m s && git push& pause
2021-03-22 19:46:70 cmd /c start cmd /c micro config.yaml& pause
2021-03-22 19:46:70 cmd /c start cmd /c git add . && git commit -m s && git push& pause
2021-03-22 19:46:70 cmd /c start cmd /c git add . && git commit -m s && git push& pause
2021-03-22 19:46:70 cmd /c start cmd /c git add . && git commit -m s && git push& pause
2021-03-22 19:47:70 cmd /c start cmd /c micro config.yaml& pause
2021-03-22 19:48:70 cmd /c start cmd /c git add . && git commit -m s && git push& pause
2021-03-22 19:48:70 cmd /c start cmd /c git push& pause
2021-03-22 19:48:70 Copied to C:\Users\Administrator\go\src\github.com\linuxing3\goful\config form [C:\Users\Administrator\.goful\config.yaml]
2021-03-22 19:48:70 cmd /c start cmd /c git add .& pause
2021-03-22 19:48:70 cmd /c start cmd /c git commit -m quick& pause
2021-03-22 19:48:70 cmd /c start cmd /c git push& pause
2021-03-22 20:06:80 cmd /c start cmd /c micro main.go& pause
2021-03-22 20:07:80 cmd /c start cmd /c micro menu.go& pause
2021-03-22 20:07:80 cmd /c start cmd /c micro menu.go& pause
2021-03-22 20:08:80 cmd /c start cmd /c micro menu.go& pause
2021-03-22 20:08:80 cmd /c start cmd /c micro main.go& pause
2021-03-22 20:15:80 cmd /c explorer README.md 
2021-03-22 20:18:80 cmd /c start cmd /c more main.go& pause
2021-03-22 20:19:80 Welcome to goful
2021-03-22 20:19:80 cmd /c start cmd /c bat .git& pause
2021-03-22 20:19:80 cmd /c start cmd /c bat README.md& pause
2021-03-22 20:26:80 Welcome to goful
2021-03-22 20:26:80 cmd /c start cmd /c micro config.yaml& pause
2021-03-22 20:28:80 cmd /c start cmd /c git add .& pause
2021-03-22 20:28:80 cmd /c start cmd /c git add .& pause
2021-03-22 20:28:80 cmd /c start cmd /c git commit -m quick& pause
2021-03-22 20:29:80 Copied to C:\Users\Administrator\go\src\github.com\linuxing3\goful\config form [C:\Users\Administrator\.goful\config.yaml]
2021-03-22 20:29:80 cmd /c start cmd /c micro config.yaml& pause
2021-03-22 20:29:80 cmd /c start cmd /c git add .& pause
2021-03-22 20:29:80 cmd /c start cmd /c git commit -m quick& pause
2021-03-22 20:29:80 cmd /c start cmd /c git push& pause
2021-03-22 20:30:80 cmd /c start cmd /c micro config.yaml& pause
2021-03-22 20:37:80 cmd /c start cmd /c micro main.go& pause
2021-03-22 20:38:80 cmd /c start cmd /c micro config.yaml& pause
2021-03-22 20:42:80 Welcome to goful
2021-03-22 20:42:80 cmd /c start cmd /c fzf& pause
2021-03-22 20:42:80 cmd /c start cmd /c bat "config.yaml"& pause
2021-03-22 20:42:80 cmd /c start cmd /c bat config.yaml& pause
2021-03-22 20:43:80 cmd /c start cmd /c bat config.yaml& pause
2021-03-22 20:43:80 Welcome to goful
2021-03-22 20:43:80 cmd /c start cmd /c bat state.json& pause
2021-03-22 20:44:80 cmd /c start cmd /c bat config.yaml& pause
2021-03-22 20:44:80 cmd /c start cmd /c micro config.el& pause
2021-03-22 20:45:80 cmd /c start cmd /c micro init.el& pause
2021-03-22 20:46:80 cmd /c start cmd /c bat config.el& pause
2021-03-22 20:47:80 cmd /c start cmd /c bat .emacs-profiles.el& pause
2021-03-22 20:48:80 cmd /c start cmd /c bat ui+font.el& pause
2021-03-22 20:48:80 cmd /c start cmd /c micro org+pretty.el& pause
2021-03-22 20:48:80 cmd /c start cmd /c micro lang+js.el& pause
2021-03-22 21:06:90 cmd /c start cmd /c bat .gitignore& pause
2021-03-22 21:06:90 cmd /c start cmd /c bat README.md& pause
2021-03-22 21:06:90 cmd /c start cmd /c bat config.yaml& pause
2021-03-22 21:07:90 cmd /c start cmd /c bat state.json& pause
2021-03-22 21:07:90 cmd /c start cmd /c micro bindings.json& pause
2021-03-22 21:08:90 cmd /c start cmd /c micro settings.json& pause
2021-03-22 21:08:90 cmd /c start cmd /c micro bindings.json& pause
2021-03-22 21:08:90 cmd /c start cmd /c cmd& pause
2021-03-22 21:09:90 cmd /c start cmd /c micro create_table.ts& pause
2021-03-22 21:10:90 cmd /c start cmd /c micro usersqlite.go& pause
2021-03-22 21:10:90 cmd /c start cmd /c micro usersqlite.go& pause
2021-03-22 21:11:90 cmd /c start cmd /c micro main.o& pause
2021-03-22 21:11:90 cmd /c start cmd /c micro main.asm& pause
2021-03-22 21:11:90 cmd /c start cmd /c bat main.asm& pause
2021-03-22 21:12:90 cmd /c start cmd /c micro menu.go& pause
2021-03-22 21:12:90 cmd /c start cmd /c cmd& pause
2021-03-22 21:14:90 cmd /c start cmd /c micro menu.go& pause
2021-03-22 21:14:90 cmd /c start cmd /c bat README.md& pause
2021-03-22 21:15:90 cmd /c start cmd /c bat go-plugin.md& pause
2021-03-22 21:15:90 cmd /c explorer repo.json 
2021-03-22 21:15:90 cmd /c start cmd /c bat go.lua& pause
2021-03-22 21:15:90 cmd /c start cmd /c micro go.lua& pause
2021-03-22 21:19:90 Made directory goful
2021-03-22 21:19:90 Copied to C:\Users\Administrator\.config\micro\plug\goful form [C:\Users\Administrator\.config\micro\plug\go\go.lua C:\Users\Administrator\.config\micro\plug\go\repo.json]
2021-03-22 21:19:90 cmd /c start cmd /c micro repo.json& pause
2021-03-22 21:21:90 cmd /c start cmd /c micro go.lua& pause
2021-03-22 21:24:90 Copied to C:\Users\Administrator\.config\micro\plug\goful form [C:\Users\Administrator\.config\micro\plug\go\help]
2021-03-22 21:24:90 cmd /c start cmd /c micro go-plugin.md& pause
2021-03-22 21:25:90 Copied to C:\Users\Administrator\.config\micro\plug\goful form [C:\Users\Administrator\.config\micro\plug\go\README.md]
2021-03-22 21:25:90 cmd /c start cmd /c micro README.md& pause
2021-03-22 21:26:90 cmd /c start cmd /c micro go.lua& pause
2021-03-22 21:26:90 cmd /c start cmd /c micro go.lua& pause
2021-03-22 21:27:90 cmd /c start cmd /c micro go.lua& pause
2021-03-22 21:27:90 Welcome to goful
2021-03-22 21:27:90 cmd /c start cmd /c micro go.lua& pause
2021-03-22 21:28:90 cmd /c start cmd /c micro go.lua& pause
2021-03-22 21:28:90 Welcome to goful
2021-03-22 21:29:90 cmd /c start cmd /c bat go.lua& pause
2021-03-22 21:31:90 cmd /c start cmd /c micro go.lua& pause
2021-03-22 21:31:90 cmd /c start cmd /c micro go.lua& pause
2021-03-22 21:31:90 cmd /c start cmd /c micro go.lua& pause
2021-03-22 21:32:90 cmd /c start cmd /c micro go.lua& pause
2021-03-22 21:32:90 cmd /c start cmd /c micro go.lua& pause
2021-03-22 21:32:90 Welcome to goful
2021-03-22 21:33:90 Welcome to goful
2021-03-22 21:35:90 cmd /c start cmd /c micro filemanager.lua& pause
2021-03-22 21:37:90 cmd /c start cmd /c nvim-qt filemanager.lua& pause
2021-03-22 21:41:90 Welcome to goful
2021-03-22 21:42:90 Welcome to goful
2021-03-22 21:43:90 Welcome to goful
2021-03-22 21:44:90 Welcome to goful
2021-03-22 21:45:90 Welcome to goful
2021-03-22 21:46:90 Welcome to goful
2021-03-22 21:47:90 Welcome to goful
2021-03-22 21:47:90 cmd /c start cmd /c micro menu.go& pause
2021-03-22 21:49:90 cmd /c start cmd /c micro main.go& pause
2021-03-22 21:53:90 cmd /c start cmd /c micro config.yaml& pause
2021-03-22 21:59:90 cmd /c start cmd /c micro main.go& pause
2021-03-22 22:00:100 cmd /c start cmd /c cmd& pause
2021-03-22 22:00:100 Welcome to goful
2021-03-22 22:00:100 cmd /c start cmd /c msedge --profile-directory=Default& pause
2021-03-22 22:01:100 cmd /c start cmd /c C:UsersAdministratorAppDataLocalGoogleChromeApplicationchrome --profile-directory=Default& pause
2021-03-22 22:01:100 cmd /c start cmd /c micro config.yaml& pause
2021-03-22 22:03:100 Welcome to goful
2021-03-22 22:03:100 cmd /c start cmd /c 'C:/Program Files (x86)/Microsoft/Edge Beta/Application/msedge.exe'& pause
2021-03-22 22:05:100 Welcome to goful
2021-03-22 22:05:100 cmd /c start cmd /c "C:/Program Files (x86)/Microsoft/Edge Beta/Application/msedge.exe"& pause
2021-03-22 22:07:100 Welcome to goful
2021-03-22 22:07:100 Welcome to goful
2021-03-22 22:08:100 Welcome to goful
2021-03-22 22:08:100 cmd /c start cmd /c msedge.exe& pause
2021-03-22 22:09:100 cmd /c start cmd /c chrome.exe& pause
2021-03-22 22:10:100 cmd /c start cmd /c cmd& pause
2021-03-22 22:12:100 Welcome to goful
2021-03-22 22:12:100 cmd /c start cmd /c git add .& pause
2021-03-22 22:12:100 cmd /c start cmd /c micro main.go& pause
2021-03-22 22:13:100 cmd /c start cmd /c git add .& pause
2021-03-22 22:13:100 cmd /c explorer config.yaml 
2021-03-22 22:13:100 Copied to C:\Users\Administrator\go\src\github.com\linuxing3\goful\config form [C:\Users\Administrator\.goful\config.yaml]
2021-03-22 22:14:100 cmd /c start cmd /c micro config.yaml& pause
2021-03-22 22:14:100 cmd /c start cmd /c git add .& pause
2021-03-22 22:14:100 cmd /c start cmd /c git commit -m quick& pause
2021-03-22 22:14:100 cmd /c start cmd /c git push& pause
2021-03-22 22:20:100 cmd /c start cmd /c git add .& pause
2021-03-22 22:20:100 cmd /c start cmd /c git commit -m quick& pause
2021-03-22 22:20:100 cmd /c start cmd /c git push& pause
2021-03-22 22:21:100 Welcome to goful
2021-03-22 22:21:100 cmd /c start cmd /c cmd& pause
2021-03-22 22:21:100 Welcome to goful
2021-03-22 22:21:100 cmd /c start cmd /c 'git status& pause
2021-03-22 22:22:100 cmd /c start cmd /c git add .& pause
2021-03-22 22:22:100 cmd /c start cmd /c git commit -m quick& pause
2021-03-22 22:22:100 cmd /c start cmd /c 'git status& pause
2021-03-22 22:22:100 cmd /c start cmd /c micro config.yaml& pause
2021-03-22 22:23:100 Copied to C:\Users\Administrator\go\src\github.com\linuxing3\goful\config form [C:\Users\Administrator\.goful\config.yaml]
2021-03-22 22:23:100 cmd /c start cmd /c git add .& pause
2021-03-22 22:23:100 cmd /c start cmd /c git commit -m quick& pause
2021-03-22 22:23:100 cmd /c start cmd /c git push& pause
2021-03-22 22:23:100 cmd /c start cmd /c micro shell& pause
2021-03-22 22:23:100 cmd /c start cmd /c micro state.json& pause
2021-03-22 22:24:100 cmd /c start cmd /c micro main.go& pause
2021-03-22 22:29:100 cmd /c start cmd /c micro main.go& pause
2021-03-22 22:30:100 cmd /c explorer .emacs-profiles.el 
2021-03-22 22:30:100 cmd /c start cmd /c runemacs README.org& pause
2021-03-22 22:32:100 cmd /c start cmd /c micro main.go& pause
2021-03-22 22:34:100 Welcome to goful
2021-03-22 22:34:100 cmd /c start cmd /c runemacs -q README.org& pause
2021-03-22 22:34:100 cmd /c start cmd /c micro main.go& pause
2021-03-22 22:36:100 cmd /c start cmd /c git add .& pause
2021-03-22 22:36:100 cmd /c start cmd /c git commit -m quick& pause
2021-03-22 22:36:100 Welcome to goful
2021-03-22 22:36:100 cmd /c start cmd /c runemacs -q README.org& pause
2021-03-22 22:36:100 cmd /c start cmd /c runemacs -q config.el& pause
2021-03-22 22:37:100 cmd /c start cmd /c micro gatsby-config.json& pause
2021-03-22 22:37:100 cmd /c start cmd /c micro main.go& pause
2021-03-22 22:40:100 Welcome to goful
2021-03-22 22:40:100 cmd /c emacsclient -n "install-profile.cmd" 
2021-03-22 22:40:100 cmd /c start cmd /c micro install-profile.cmd& pause
2021-03-22 22:40:100 cmd /c start cmd /c micro deploy.sh& pause
2021-03-22 22:41:100 cmd /c start cmd /c git add .& pause
2021-03-22 22:41:100 cmd /c start cmd /c git commit -m quick& pause
2021-03-22 22:41:100 cmd /c start cmd /c git push& pause
2021-03-22 22:41:100 cmd /c code ".doom.d" 
2021-03-22 22:42:100 cmd /c start cmd /c micro main.go& pause
2021-03-22 22:45:100 Welcome to goful
2021-03-22 22:45:100 cmd /c start cmd /c cmd& pause
2021-03-22 22:46:100 Made directory rs-projects
2021-03-22 22:46:100 cmd /c start cmd /c cmd& pause
2021-03-22 22:47:100 cmd /c start cmd /c micro Cargo.toml& pause
2021-03-22 22:47:100 cmd /c start cmd /c micro main.rs& pause
2021-03-22 23:14:110 cmd /c start cmd /c msedge.exe& pause
2021-03-22 23:34:110 Removed [vpsman]
2021-03-23 00:02:120 cmd /c start cmd /c cmd& pause
2021-03-23 00:03:120 cmd /c start cmd /c micro vpsman.d& pause
2021-03-23 00:03:120 cmd /c start cmd /c micro bin-vpsman.json& pause
2021-03-23 00:03:120 cmd /c start cmd /c micro bin-vpsman.json& pause
2021-03-23 00:04:120 cmd /c explorer Cargo.toml 
2021-03-23 00:15:120 cmd /c start cmd /c cmd& pause
2021-03-23 00:20:120 cmd /c start cmd /c cmd& pause
2021-03-23 00:20:120 cmd /c start cmd /c micro README.md& pause
2021-03-23 00:21:120 cmd /c emacsclient -n "command-line.md" 
2021-03-23 00:21:120 cmd /c start cmd /c bat command-line.md& pause
2021-03-23 00:22:120 cmd /c start cmd /c bat command-line.md& pause
2021-03-23 00:22:120 cmd /c start cmd /c bat commands.md& pause
2021-03-23 00:23:120 cmd /c start cmd /c bat settings.md& pause
2021-03-23 00:23:120 cmd /c start cmd /c bat advanced.md& pause
2021-03-23 00:24:120 cmd /c start cmd /c bat README.md& pause
2021-03-23 00:26:120 cmd /c start cmd /c bat install.go& pause
2021-03-23 00:29:120 cmd /c start cmd /c bat README.md& pause
2021-03-23 00:30:120 cmd /c start cmd /c bat README.rst& pause
2021-03-23 00:31:120 cmd /c start cmd /c bat README.md& pause
2021-03-23 00:34:120 cmd /c start cmd /c micro cast.go& pause
2021-03-23 00:35:120 cmd /c start cmd /c bat sync.ffs_db& pause
2021-03-23 00:36:120 cmd /c start cmd /c cmd& pause
2021-03-23 00:36:120 cmd /c start cmd /c ssh root@xunqinji.top& pause
2021-03-23 00:42:120 cmd /c start cmd /c ssh root@dongxishijie.xyz& pause
2021-03-23 00:56:120 cmd /c start cmd /c ssh root@xunqinji.top& pause
2021-03-23 00:56:120 cmd /c start cmd /c ssh root@xunqinji.top "tmux at"& pause
2021-03-23 00:57:120 cmd /c start cmd /c ssh root@xunqinji.top tmux& pause
2021-03-23 00:57:120 cmd /c start cmd /c ssh root@xunqinji.top bash& pause
2021-03-23 00:58:120 cmd /c start cmd /c ssh root@xunqinji.top& pause
2021-03-23 00:59:120 cmd /c start cmd /c git add .& pause
2021-03-23 00:59:120 cmd /c start cmd /c git commit -m quick& pause
2021-03-23 01:00:10 cmd /c start cmd /c git pull& pause
2021-03-23 01:00:10 cmd /c start cmd /c runemacs -q init.el& pause
2021-03-23 01:00:10 cmd /c start cmd /c micro init.el& pause
2021-03-23 01:01:10 cmd /c start cmd /c micro office.vbs& pause
2021-03-23 01:01:10 cmd /c explorer cp.doc 
2021-03-23 01:02:10 cmd /c start cmd /c micro 01.bat& pause
2021-03-23 01:03:10 cmd /c explorer 《汇编语言 第3版》王爽著.pdf 
2021-03-23 01:08:10 cmd /c start cmd /c micro README.md& pause
2021-03-23 01:09:10 cmd /c explorer go.lua 
2021-03-23 01:09:10 cmd /c code "repo.json" 
2021-03-23 01:10:10 cmd /c start cmd /c code repo.json& pause
2021-03-23 01:10:10 cmd /c start cmd /c code README.md& pause
2021-03-23 01:10:10 cmd /c explorer filemanager.lua 
2021-03-23 01:12:10 cmd /c start cmd /c code state.json& pause
2021-03-23 01:12:10 cmd /c start cmd /c code config.yaml& pause
2021-03-23 01:14:10 Welcome to goful
2021-03-23 01:14:10 cmd /c start cmd /c code state.json& pause
2021-03-23 01:14:10 cmd /c start cmd /c micro config.yaml& pause
2021-03-23 01:15:10 Welcome to goful
2021-03-23 01:15:10 cmd /c start cmd /c code config.yaml& pause
2021-03-23 01:15:10 cmd /c start cmd /c nvim-qt config.yaml& pause
2021-03-23 01:16:10 cmd /c start cmd /c micro config.yaml& pause
2021-03-23 01:16:10 Welcome to goful
2021-03-23 01:16:10 cmd /c start cmd /c code config.yaml& pause
2021-03-23 01:17:10 cmd /c start cmd /c micro config.yaml& pause
2021-03-23 01:17:10 Copied to C:\Users\Administrator\go\src\github.com\linuxing3\goful\config form [C:\Users\Administrator\.goful\config.yaml]
2021-03-23 01:17:10 cmd /c start cmd /c micro main.go& pause
2021-03-23 01:18:10 cmd /c start cmd /c micro menu.go& pause
2021-03-23 01:19:10 cmd /c start cmd /c micro main.go& pause
2021-03-23 01:20:10 cmd /c start cmd /c where . *& pause
2021-03-23 01:20:10 cmd /c start cmd /c where ~/.config& pause
2021-03-23 01:20:10 cmd /c start cmd /c where . *.doc& pause
2021-03-23 01:20:10 cmd /c start cmd /c micro main.go& pause
2021-03-23 01:22:10 cmd /c start cmd /c micro README.md& pause
2021-03-23 08:19:80 cmd /c start cmd /c micro binserve.json& pause
2021-03-23 08:19:80 cmd /c start cmd /c micro index.html& pause
2021-03-23 08:19:80 cmd /c start cmd /c micro index.html& pause
2021-03-23 08:41:80 cmd /c start cmd /c ssh root@xunqinji.top& pause
2021-03-23 09:32:90 cmd /c start cmd /c micro init.go& pause
2021-03-23 09:33:90 cmd /c start cmd /c micro init.go& pause
2021-03-23 09:35:90 cmd /c start cmd /c git add .& pause
2021-03-23 09:35:90 cmd /c start cmd /c git commit -m quick& pause
2021-03-23 09:35:90 cmd /c start cmd /c git push& pause
2021-03-23 09:36:90 cmd /c start cmd /c micro spider.go& pause
2021-03-23 09:36:90 cmd /c start cmd /c micro root.go& pause
2021-03-23 09:37:90 cmd /c start cmd /c micro database.go& pause
2021-03-23 09:39:90 cmd /c start cmd /c micro db_gen.go& pause
2021-03-23 09:39:90 cmd /c explorer schema.prisma 
2021-03-23 09:40:90 cmd /c start cmd /c micro schema.prisma& pause
2021-03-23 09:50:90 cmd /c start cmd /c code .& pause
2021-03-23 10:32:100 cmd /c start cmd /c micro install-docker.sh& pause
2021-03-23 10:32:100 cmd /c start cmd /c micro install-db.sh& pause
2021-03-23 10:33:100 Copied to C:\Users\Administrator\EnvSetup\bash\bin\install-cloud.sh form [C:\Users\Administrator\EnvSetup\bash\bin\install-db.sh]
2021-03-23 10:33:100 cmd /c start cmd /c micro install-cloud.sh& pause
2021-03-23 10:50:100 cmd /c start cmd /c git add .& pause
2021-03-23 10:50:100 cmd /c start cmd /c git commit -m quick& pause
2021-03-23 10:50:100 cmd /c start cmd /c micro install-db.sh& pause
2021-03-23 11:01:110 cmd /c start cmd /c git add .& pause
2021-03-23 11:02:110 cmd /c start cmd /c git commit -m quick& pause
2021-03-23 11:02:110 Renamed install-gitserver..sh -> install-gitserver.sh
2021-03-23 11:03:110 Renamed install-pptp -> install-pptp.sh
2021-03-23 11:03:110 Renamed install-qiniu -> install-qiniu.sh
2021-03-23 11:03:110 Renamed install-shadowsocks -> install-shadowsocks.sh
2021-03-23 11:03:110 Renamed install-dropboxd -> install-dropboxd.sh
2021-03-23 11:05:110 cmd /c start cmd /c micro docker-compose.yml& pause
2021-03-23 11:05:110 cmd /c start cmd /c micro bindings.json& pause
2021-03-23 11:06:110 cmd /c start cmd /c micro bindings.json& pause
2021-03-23 11:07:110 cmd /c start cmd /c micro go.lua& pause
2021-03-23 11:07:110 cmd /c start cmd /c micro go.lua& pause
2021-03-23 11:07:110 cmd /c start cmd /c micro bindings.json& pause
2021-03-23 11:08:110 cmd /c start cmd /c micro bindings.json& pause
2021-03-23 11:08:110 cmd /c start cmd /c micro bindings.json& pause
2021-03-23 11:09:110 Made directory micro
2021-03-23 11:09:110 Copied to C:\Users\Administrator\EnvSetup\config\micro form [C:\Users\Administrator\.config\micro\plug C:\Users\Administrator\.config\micro\bindings.json C:\Users\Administrator\.config\micro\settings.json]
2021-03-23 11:11:110 cmd /c start cmd /c micro bindings.json& pause
2021-03-23 11:11:110 cmd /c start cmd /c micro bindings.json& pause
2021-03-23 11:12:110 cmd /c start cmd /c micro bindings.json& pause
2021-03-23 11:20:110 Copied to C:\Users\Administrator\EnvSetup\config\micro form [C:\Users\Administrator\.config\micro\bindings.json]
2021-03-23 11:20:110 cmd /c start cmd /c micro bindings.json& pause
2021-03-23 11:20:110 cmd /c start cmd /c git add .& pause
2021-03-23 11:20:110 cmd /c start cmd /c git commit -m quick& pause
2021-03-23 11:21:110 cmd /c start cmd /c git push& pause
